Embedding Errors Log
==================================================
Error uploading batch 1: (400)
Reason: Bad Request
HTTP response headers: HTTPHeaderDict({'Date': 'Tue, 24 Jun 2025 04:53:18 GMT', 'Content-Type': 'application/json', 'Content-Length': '158', 'Connection': 'keep-alive', 'x-pinecone-request-latency-ms': '2039', 'x-pinecone-request-id': '6479143958952435527', 'x-envoy-upstream-service-time': '21', 'server': 'envoy'})
HTTP response body: {"code":3,"message":"Metadata value must be a string, number, boolean or list of strings, got '[0.0295684468001...' for field 'local_embedding'","details":[]}

Error uploading batch 2: (400)
Reason: Bad Request
HTTP response headers: HTTPHeaderDict({'Date': 'Tue, 24 Jun 2025 04:53:26 GMT', 'Content-Type': 'application/json', 'Content-Length': '158', 'Connection': 'keep-alive', 'x-pinecone-request-latency-ms': '2580', 'x-pinecone-request-id': '5988343740243820491', 'x-envoy-upstream-service-time': '2', 'server': 'envoy'})
HTTP response body: {"code":3,"message":"Metadata value must be a string, number, boolean or list of strings, got '[-0.033465262502...' for field 'local_embedding'","details":[]}

Error uploading batch 3: (400)
Reason: Bad Request
HTTP response headers: HTTPHeaderDict({'Date': 'Tue, 24 Jun 2025 04:53:36 GMT', 'Content-Type': 'application/json', 'Content-Length': '158', 'Connection': 'keep-alive', 'x-pinecone-request-latency-ms': '3112', 'x-pinecone-request-id': '6561943797648661122', 'x-envoy-upstream-service-time': '19', 'server': 'envoy'})
HTTP response body: {"code":3,"message":"Metadata value must be a string, number, boolean or list of strings, got '[-0.000321349478...' for field 'local_embedding'","details":[]}

Error uploading batch 4: (400)
Reason: Bad Request
HTTP response headers: HTTPHeaderDict({'Date': 'Tue, 24 Jun 2025 04:53:45 GMT', 'Content-Type': 'application/json', 'Content-Length': '158', 'Connection': 'keep-alive', 'x-pinecone-request-latency-ms': '2605', 'x-pinecone-request-id': '3447722717225169113', 'x-envoy-upstream-service-time': '2', 'server': 'envoy'})
HTTP response body: {"code":3,"message":"Metadata value must be a string, number, boolean or list of strings, got '[-0.003082638606...' for field 'local_embedding'","details":[]}

Error uploading batch 5: (400)
Reason: Bad Request
HTTP response headers: HTTPHeaderDict({'Date': 'Tue, 24 Jun 2025 04:53:53 GMT', 'Content-Type': 'application/json', 'Content-Length': '158', 'Connection': 'keep-alive', 'x-pinecone-request-latency-ms': '1532', 'x-pinecone-request-id': '7806444158434318498', 'x-envoy-upstream-service-time': '2', 'server': 'envoy'})
HTTP response body: {"code":3,"message":"Metadata value must be a string, number, boolean or list of strings, got '[0.0020315432921...' for field 'local_embedding'","details":[]}

Error uploading batch 6: (400)
Reason: Bad Request
HTTP response headers: HTTPHeaderDict({'Date': 'Tue, 24 Jun 2025 04:54:01 GMT', 'Content-Type': 'application/json', 'Content-Length': '158', 'Connection': 'keep-alive', 'x-pinecone-request-latency-ms': '2586', 'x-pinecone-request-id': '6376033372781050179', 'x-envoy-upstream-service-time': '2', 'server': 'envoy'})
HTTP response body: {"code":3,"message":"Metadata value must be a string, number, boolean or list of strings, got '[0.0200581401586...' for field 'local_embedding'","details":[]}

Error uploading batch 7: (400)
Reason: Bad Request
HTTP response headers: HTTPHeaderDict({'Date': 'Tue, 24 Jun 2025 04:54:09 GMT', 'Content-Type': 'application/json', 'Content-Length': '158', 'Connection': 'keep-alive', 'x-pinecone-request-latency-ms': '1889', 'x-pinecone-request-id': '3105006164576153917', 'x-envoy-upstream-service-time': '24', 'server': 'envoy'})
HTTP response body: {"code":3,"message":"Metadata value must be a string, number, boolean or list of strings, got '[-0.001459283172...' for field 'local_embedding'","details":[]}

Error uploading batch 8: (400)
Reason: Bad Request
HTTP response headers: HTTPHeaderDict({'Date': 'Tue, 24 Jun 2025 04:54:16 GMT', 'Content-Type': 'application/json', 'Content-Length': '158', 'Connection': 'keep-alive', 'x-pinecone-request-latency-ms': '1874', 'x-pinecone-request-id': '3203754997304026599', 'x-envoy-upstream-service-time': '2', 'server': 'envoy'})
HTTP response body: {"code":3,"message":"Metadata value must be a string, number, boolean or list of strings, got '[-0.038730118423...' for field 'local_embedding'","details":[]}

Error uploading batch 9: (400)
Reason: Bad Request
HTTP response headers: HTTPHeaderDict({'Date': 'Tue, 24 Jun 2025 04:54:25 GMT', 'Content-Type': 'application/json', 'Content-Length': '158', 'Connection': 'keep-alive', 'x-pinecone-request-latency-ms': '2822', 'x-pinecone-request-id': '1769211600495891553', 'x-envoy-upstream-service-time': '2', 'server': 'envoy'})
HTTP response body: {"code":3,"message":"Metadata value must be a string, number, boolean or list of strings, got '[0.0436750352382...' for field 'local_embedding'","details":[]}

Error uploading batch 10: (400)
Reason: Bad Request
HTTP response headers: HTTPHeaderDict({'Date': 'Tue, 24 Jun 2025 04:54:36 GMT', 'Content-Type': 'application/json', 'Content-Length': '158', 'Connection': 'keep-alive', 'x-pinecone-request-latency-ms': '4434', 'x-pinecone-request-id': '7031384822867942226', 'x-envoy-upstream-service-time': '1', 'server': 'envoy'})
HTTP response body: {"code":3,"message":"Metadata value must be a string, number, boolean or list of strings, got '[-0.009942011907...' for field 'local_embedding'","details":[]}

Error uploading batch 11: (400)
Reason: Bad Request
HTTP response headers: HTTPHeaderDict({'Date': 'Tue, 24 Jun 2025 04:54:45 GMT', 'Content-Type': 'application/json', 'Content-Length': '158', 'Connection': 'keep-alive', 'x-pinecone-request-latency-ms': '2398', 'x-pinecone-request-id': '6469152271176211128', 'x-envoy-upstream-service-time': '20', 'server': 'envoy'})
HTTP response body: {"code":3,"message":"Metadata value must be a string, number, boolean or list of strings, got '[-0.041466969996...' for field 'local_embedding'","details":[]}

Error uploading batch 12: (400)
Reason: Bad Request
HTTP response headers: HTTPHeaderDict({'Date': 'Tue, 24 Jun 2025 04:54:53 GMT', 'Content-Type': 'application/json', 'Content-Length': '158', 'Connection': 'keep-alive', 'x-pinecone-request-latency-ms': '1868', 'x-pinecone-request-id': '6293244194175199849', 'x-envoy-upstream-service-time': '2', 'server': 'envoy'})
HTTP response body: {"code":3,"message":"Metadata value must be a string, number, boolean or list of strings, got '[-0.009831840172...' for field 'local_embedding'","details":[]}

Error uploading batch 13: (400)
Reason: Bad Request
HTTP response headers: HTTPHeaderDict({'Date': 'Tue, 24 Jun 2025 04:55:01 GMT', 'Content-Type': 'application/json', 'Content-Length': '158', 'Connection': 'keep-alive', 'x-pinecone-request-latency-ms': '1864', 'x-pinecone-request-id': '2654061465298943695', 'x-envoy-upstream-service-time': '3', 'server': 'envoy'})
HTTP response body: {"code":3,"message":"Metadata value must be a string, number, boolean or list of strings, got '[-0.011710149236...' for field 'local_embedding'","details":[]}

Error uploading batch 14: (400)
Reason: Bad Request
HTTP response headers: HTTPHeaderDict({'Date': 'Tue, 24 Jun 2025 04:55:08 GMT', 'Content-Type': 'application/json', 'Content-Length': '158', 'Connection': 'keep-alive', 'x-pinecone-request-latency-ms': '1687', 'x-pinecone-request-id': '7483472124875455755', 'x-envoy-upstream-service-time': '2', 'server': 'envoy'})
HTTP response body: {"code":3,"message":"Metadata value must be a string, number, boolean or list of strings, got '[-0.012628471478...' for field 'local_embedding'","details":[]}

Error uploading batch 15: (400)
Reason: Bad Request
HTTP response headers: HTTPHeaderDict({'Date': 'Tue, 24 Jun 2025 04:55:16 GMT', 'Content-Type': 'application/json', 'Content-Length': '158', 'Connection': 'keep-alive', 'x-pinecone-request-latency-ms': '1859', 'x-pinecone-request-id': '5122227848044987699', 'x-envoy-upstream-service-time': '23', 'server': 'envoy'})
HTTP response body: {"code":3,"message":"Metadata value must be a string, number, boolean or list of strings, got '[0.0380333811044...' for field 'local_embedding'","details":[]}

Error uploading batch 16: (400)
Reason: Bad Request
HTTP response headers: HTTPHeaderDict({'Date': 'Tue, 24 Jun 2025 04:55:24 GMT', 'Content-Type': 'application/json', 'Content-Length': '158', 'Connection': 'keep-alive', 'x-pinecone-request-latency-ms': '1720', 'x-pinecone-request-id': '7431875053736447019', 'x-envoy-upstream-service-time': '2', 'server': 'envoy'})
HTTP response body: {"code":3,"message":"Metadata value must be a string, number, boolean or list of strings, got '[-0.007355459500...' for field 'local_embedding'","details":[]}

Error uploading batch 17: (400)
Reason: Bad Request
HTTP response headers: HTTPHeaderDict({'Date': 'Tue, 24 Jun 2025 04:55:32 GMT', 'Content-Type': 'application/json', 'Content-Length': '158', 'Connection': 'keep-alive', 'x-pinecone-request-latency-ms': '2393', 'x-pinecone-request-id': '2057437733497168762', 'x-envoy-upstream-service-time': '2', 'server': 'envoy'})
HTTP response body: {"code":3,"message":"Metadata value must be a string, number, boolean or list of strings, got '[-0.002909605856...' for field 'local_embedding'","details":[]}

Error uploading batch 18: (400)
Reason: Bad Request
HTTP response headers: HTTPHeaderDict({'Date': 'Tue, 24 Jun 2025 04:55:41 GMT', 'Content-Type': 'application/json', 'Content-Length': '158', 'Connection': 'keep-alive', 'x-pinecone-request-latency-ms': '1698', 'x-pinecone-request-id': '809591173410050544', 'x-envoy-upstream-service-time': '3', 'server': 'envoy'})
HTTP response body: {"code":3,"message":"Metadata value must be a string, number, boolean or list of strings, got '[-0.037210430949...' for field 'local_embedding'","details":[]}

Error uploading batch 19: (400)
Reason: Bad Request
HTTP response headers: HTTPHeaderDict({'Date': 'Tue, 24 Jun 2025 04:55:49 GMT', 'Content-Type': 'application/json', 'Content-Length': '158', 'Connection': 'keep-alive', 'x-pinecone-request-latency-ms': '2201', 'x-pinecone-request-id': '5176125050214305511', 'x-envoy-upstream-service-time': '2', 'server': 'envoy'})
HTTP response body: {"code":3,"message":"Metadata value must be a string, number, boolean or list of strings, got '[0.0131410788744...' for field 'local_embedding'","details":[]}

Error uploading batch 20: (400)
Reason: Bad Request
HTTP response headers: HTTPHeaderDict({'Date': 'Tue, 24 Jun 2025 04:55:57 GMT', 'Content-Type': 'application/json', 'Content-Length': '158', 'Connection': 'keep-alive', 'x-pinecone-request-latency-ms': '1981', 'x-pinecone-request-id': '2864271073099329997', 'x-envoy-upstream-service-time': '2', 'server': 'envoy'})
HTTP response body: {"code":3,"message":"Metadata value must be a string, number, boolean or list of strings, got '[-0.022093776613...' for field 'local_embedding'","details":[]}

Error uploading batch 21: (400)
Reason: Bad Request
HTTP response headers: HTTPHeaderDict({'Date': 'Tue, 24 Jun 2025 04:56:05 GMT', 'Content-Type': 'application/json', 'Content-Length': '158', 'Connection': 'keep-alive', 'x-pinecone-request-latency-ms': '1500', 'x-pinecone-request-id': '7373026822738820484', 'x-envoy-upstream-service-time': '22', 'server': 'envoy'})
HTTP response body: {"code":3,"message":"Metadata value must be a string, number, boolean or list of strings, got '[-0.019477047026...' for field 'local_embedding'","details":[]}

Error uploading batch 22: (400)
Reason: Bad Request
HTTP response headers: HTTPHeaderDict({'Date': 'Tue, 24 Jun 2025 04:56:13 GMT', 'Content-Type': 'application/json', 'Content-Length': '158', 'Connection': 'keep-alive', 'x-pinecone-request-latency-ms': '2232', 'x-pinecone-request-id': '4167604754457441813', 'x-envoy-upstream-service-time': '21', 'server': 'envoy'})
HTTP response body: {"code":3,"message":"Metadata value must be a string, number, boolean or list of strings, got '[-0.025530429556...' for field 'local_embedding'","details":[]}

Error uploading batch 23: (400)
Reason: Bad Request
HTTP response headers: HTTPHeaderDict({'Date': 'Tue, 24 Jun 2025 04:56:22 GMT', 'Content-Type': 'application/json', 'Content-Length': '158', 'Connection': 'keep-alive', 'x-pinecone-request-latency-ms': '1877', 'x-pinecone-request-id': '6868042639980384172', 'x-envoy-upstream-service-time': '22', 'server': 'envoy'})
HTTP response body: {"code":3,"message":"Metadata value must be a string, number, boolean or list of strings, got '[-0.030157243832...' for field 'local_embedding'","details":[]}

Error uploading batch 24: (400)
Reason: Bad Request
HTTP response headers: HTTPHeaderDict({'Date': 'Tue, 24 Jun 2025 04:56:31 GMT', 'Content-Type': 'application/json', 'Content-Length': '158', 'Connection': 'keep-alive', 'x-pinecone-request-latency-ms': '2474', 'x-pinecone-request-id': '5181646515007962220', 'x-envoy-upstream-service-time': '1', 'server': 'envoy'})
HTTP response body: {"code":3,"message":"Metadata value must be a string, number, boolean or list of strings, got '[-0.000599647581...' for field 'local_embedding'","details":[]}

Error uploading batch 25: (400)
Reason: Bad Request
HTTP response headers: HTTPHeaderDict({'Date': 'Tue, 24 Jun 2025 04:56:39 GMT', 'Content-Type': 'application/json', 'Content-Length': '158', 'Connection': 'keep-alive', 'x-pinecone-request-latency-ms': '1496', 'x-pinecone-request-id': '8564018037861199942', 'x-envoy-upstream-service-time': '19', 'server': 'envoy'})
HTTP response body: {"code":3,"message":"Metadata value must be a string, number, boolean or list of strings, got '[0.0202730279415...' for field 'local_embedding'","details":[]}

Error uploading batch 26: (400)
Reason: Bad Request
HTTP response headers: HTTPHeaderDict({'Date': 'Tue, 24 Jun 2025 04:56:47 GMT', 'Content-Type': 'application/json', 'Content-Length': '158', 'Connection': 'keep-alive', 'x-pinecone-request-latency-ms': '2239', 'x-pinecone-request-id': '367015198024785524', 'x-envoy-upstream-service-time': '23', 'server': 'envoy'})
HTTP response body: {"code":3,"message":"Metadata value must be a string, number, boolean or list of strings, got '[0.0173249486833...' for field 'local_embedding'","details":[]}

Error uploading batch 27: (400)
Reason: Bad Request
HTTP response headers: HTTPHeaderDict({'Date': 'Tue, 24 Jun 2025 04:56:55 GMT', 'Content-Type': 'application/json', 'Content-Length': '158', 'Connection': 'keep-alive', 'x-pinecone-request-latency-ms': '1521', 'x-pinecone-request-id': '7098028992343996215', 'x-envoy-upstream-service-time': '20', 'server': 'envoy'})
HTTP response body: {"code":3,"message":"Metadata value must be a string, number, boolean or list of strings, got '[-0.014903311617...' for field 'local_embedding'","details":[]}

Error uploading batch 28: (400)
Reason: Bad Request
HTTP response headers: HTTPHeaderDict({'Date': 'Tue, 24 Jun 2025 04:57:03 GMT', 'Content-Type': 'application/json', 'Content-Length': '158', 'Connection': 'keep-alive', 'x-pinecone-request-latency-ms': '1673', 'x-pinecone-request-id': '3594989948576381510', 'x-envoy-upstream-service-time': '2', 'server': 'envoy'})
HTTP response body: {"code":3,"message":"Metadata value must be a string, number, boolean or list of strings, got '[0.0006227454287...' for field 'local_embedding'","details":[]}

Error uploading batch 29: (400)
Reason: Bad Request
HTTP response headers: HTTPHeaderDict({'Date': 'Tue, 24 Jun 2025 04:57:10 GMT', 'Content-Type': 'application/json', 'Content-Length': '158', 'Connection': 'keep-alive', 'x-pinecone-request-latency-ms': '1656', 'x-pinecone-request-id': '639608445148379407', 'x-envoy-upstream-service-time': '2', 'server': 'envoy'})
HTTP response body: {"code":3,"message":"Metadata value must be a string, number, boolean or list of strings, got '[-0.039986856281...' for field 'local_embedding'","details":[]}

Error uploading batch 30: (400)
Reason: Bad Request
HTTP response headers: HTTPHeaderDict({'Date': 'Tue, 24 Jun 2025 04:57:19 GMT', 'Content-Type': 'application/json', 'Content-Length': '158', 'Connection': 'keep-alive', 'x-pinecone-request-latency-ms': '2422', 'x-pinecone-request-id': '5890270632554691462', 'x-envoy-upstream-service-time': '22', 'server': 'envoy'})
HTTP response body: {"code":3,"message":"Metadata value must be a string, number, boolean or list of strings, got '[-0.010258073918...' for field 'local_embedding'","details":[]}

Error uploading batch 31: (400)
Reason: Bad Request
HTTP response headers: HTTPHeaderDict({'Date': 'Tue, 24 Jun 2025 04:57:26 GMT', 'Content-Type': 'application/json', 'Content-Length': '158', 'Connection': 'keep-alive', 'x-pinecone-request-latency-ms': '1664', 'x-pinecone-request-id': '6636435458778799813', 'x-envoy-upstream-service-time': '2', 'server': 'envoy'})
HTTP response body: {"code":3,"message":"Metadata value must be a string, number, boolean or list of strings, got '[-0.026082580909...' for field 'local_embedding'","details":[]}

Error uploading batch 32: (400)
Reason: Bad Request
HTTP response headers: HTTPHeaderDict({'Date': 'Tue, 24 Jun 2025 04:57:35 GMT', 'Content-Type': 'application/json', 'Content-Length': '158', 'Connection': 'keep-alive', 'x-pinecone-request-latency-ms': '2394', 'x-pinecone-request-id': '3690250463422559584', 'x-envoy-upstream-service-time': '2', 'server': 'envoy'})
HTTP response body: {"code":3,"message":"Metadata value must be a string, number, boolean or list of strings, got '[-0.037410639226...' for field 'local_embedding'","details":[]}

Error uploading batch 33: (400)
Reason: Bad Request
HTTP response headers: HTTPHeaderDict({'Date': 'Tue, 24 Jun 2025 04:57:45 GMT', 'Content-Type': 'application/json', 'Content-Length': '158', 'Connection': 'keep-alive', 'x-pinecone-request-latency-ms': '2407', 'x-pinecone-request-id': '6398259551168533989', 'x-envoy-upstream-service-time': '2', 'server': 'envoy'})
HTTP response body: {"code":3,"message":"Metadata value must be a string, number, boolean or list of strings, got '[-0.022856812924...' for field 'local_embedding'","details":[]}

Error uploading batch 34: (400)
Reason: Bad Request
HTTP response headers: HTTPHeaderDict({'Date': 'Tue, 24 Jun 2025 04:57:54 GMT', 'Content-Type': 'application/json', 'Content-Length': '158', 'Connection': 'keep-alive', 'x-pinecone-request-latency-ms': '2637', 'x-pinecone-request-id': '8903045376201269600', 'x-envoy-upstream-service-time': '22', 'server': 'envoy'})
HTTP response body: {"code":3,"message":"Metadata value must be a string, number, boolean or list of strings, got '[0.0048877163790...' for field 'local_embedding'","details":[]}

Error uploading batch 35: (400)
Reason: Bad Request
HTTP response headers: HTTPHeaderDict({'Date': 'Tue, 24 Jun 2025 04:58:02 GMT', 'Content-Type': 'application/json', 'Content-Length': '158', 'Connection': 'keep-alive', 'x-pinecone-request-latency-ms': '1670', 'x-pinecone-request-id': '1837923361834335131', 'x-envoy-upstream-service-time': '2', 'server': 'envoy'})
HTTP response body: {"code":3,"message":"Metadata value must be a string, number, boolean or list of strings, got '[-0.035188298672...' for field 'local_embedding'","details":[]}

Error uploading batch 36: (400)
Reason: Bad Request
HTTP response headers: HTTPHeaderDict({'Date': 'Tue, 24 Jun 2025 04:58:12 GMT', 'Content-Type': 'application/json', 'Content-Length': '158', 'Connection': 'keep-alive', 'x-pinecone-request-latency-ms': '2957', 'x-pinecone-request-id': '4130453812722043480', 'x-envoy-upstream-service-time': '20', 'server': 'envoy'})
HTTP response body: {"code":3,"message":"Metadata value must be a string, number, boolean or list of strings, got '[-0.048311475664...' for field 'local_embedding'","details":[]}

Error uploading batch 37: (400)
Reason: Bad Request
HTTP response headers: HTTPHeaderDict({'Date': 'Tue, 24 Jun 2025 04:58:22 GMT', 'Content-Type': 'application/json', 'Content-Length': '158', 'Connection': 'keep-alive', 'x-pinecone-request-latency-ms': '3109', 'x-pinecone-request-id': '4468842924928916021', 'x-envoy-upstream-service-time': '1', 'server': 'envoy'})
HTTP response body: {"code":3,"message":"Metadata value must be a string, number, boolean or list of strings, got '[-0.021724319085...' for field 'local_embedding'","details":[]}

Error uploading batch 38: (400)
Reason: Bad Request
HTTP response headers: HTTPHeaderDict({'Date': 'Tue, 24 Jun 2025 04:58:30 GMT', 'Content-Type': 'application/json', 'Content-Length': '158', 'Connection': 'keep-alive', 'x-pinecone-request-latency-ms': '1515', 'x-pinecone-request-id': '1681407470564907982', 'x-envoy-upstream-service-time': '23', 'server': 'envoy'})
HTTP response body: {"code":3,"message":"Metadata value must be a string, number, boolean or list of strings, got '[-0.030871788039...' for field 'local_embedding'","details":[]}

Error uploading batch 39: (400)
Reason: Bad Request
HTTP response headers: HTTPHeaderDict({'Date': 'Tue, 24 Jun 2025 04:58:38 GMT', 'Content-Type': 'application/json', 'Content-Length': '158', 'Connection': 'keep-alive', 'x-pinecone-request-latency-ms': '1853', 'x-pinecone-request-id': '7347437087929543352', 'x-envoy-upstream-service-time': '2', 'server': 'envoy'})
HTTP response body: {"code":3,"message":"Metadata value must be a string, number, boolean or list of strings, got '[0.0236195456236...' for field 'local_embedding'","details":[]}

Error uploading batch 40: (400)
Reason: Bad Request
HTTP response headers: HTTPHeaderDict({'Date': 'Tue, 24 Jun 2025 04:58:46 GMT', 'Content-Type': 'application/json', 'Content-Length': '158', 'Connection': 'keep-alive', 'x-pinecone-request-latency-ms': '1888', 'x-pinecone-request-id': '1150602579634285521', 'x-envoy-upstream-service-time': '24', 'server': 'envoy'})
HTTP response body: {"code":3,"message":"Metadata value must be a string, number, boolean or list of strings, got '[-0.040137339383...' for field 'local_embedding'","details":[]}

Error uploading batch 41: (400)
Reason: Bad Request
HTTP response headers: HTTPHeaderDict({'Date': 'Tue, 24 Jun 2025 04:58:54 GMT', 'Content-Type': 'application/json', 'Content-Length': '158', 'Connection': 'keep-alive', 'x-pinecone-request-latency-ms': '1682', 'x-pinecone-request-id': '2758991086245359374', 'x-envoy-upstream-service-time': '1', 'server': 'envoy'})
HTTP response body: {"code":3,"message":"Metadata value must be a string, number, boolean or list of strings, got '[-0.048506565392...' for field 'local_embedding'","details":[]}

Error uploading batch 42: (400)
Reason: Bad Request
HTTP response headers: HTTPHeaderDict({'Date': 'Tue, 24 Jun 2025 04:59:02 GMT', 'Content-Type': 'application/json', 'Content-Length': '158', 'Connection': 'keep-alive', 'x-pinecone-request-latency-ms': '1843', 'x-pinecone-request-id': '6107722545704155038', 'x-envoy-upstream-service-time': '2', 'server': 'envoy'})
HTTP response body: {"code":3,"message":"Metadata value must be a string, number, boolean or list of strings, got '[-0.036992851644...' for field 'local_embedding'","details":[]}

Error uploading batch 43: (400)
Reason: Bad Request
HTTP response headers: HTTPHeaderDict({'Date': 'Tue, 24 Jun 2025 04:59:12 GMT', 'Content-Type': 'application/json', 'Content-Length': '158', 'Connection': 'keep-alive', 'x-pinecone-request-latency-ms': '2417', 'x-pinecone-request-id': '2321816090724923564', 'x-envoy-upstream-service-time': '24', 'server': 'envoy'})
HTTP response body: {"code":3,"message":"Metadata value must be a string, number, boolean or list of strings, got '[-0.047774620354...' for field 'local_embedding'","details":[]}

Error uploading batch 44: (400)
Reason: Bad Request
HTTP response headers: HTTPHeaderDict({'Date': 'Tue, 24 Jun 2025 04:59:20 GMT', 'Content-Type': 'application/json', 'Content-Length': '158', 'Connection': 'keep-alive', 'x-pinecone-request-latency-ms': '2214', 'x-pinecone-request-id': '2305628142218575930', 'x-envoy-upstream-service-time': '19', 'server': 'envoy'})
HTTP response body: {"code":3,"message":"Metadata value must be a string, number, boolean or list of strings, got '[-0.037553697824...' for field 'local_embedding'","details":[]}

Error uploading batch 45: (400)
Reason: Bad Request
HTTP response headers: HTTPHeaderDict({'Date': 'Tue, 24 Jun 2025 04:59:28 GMT', 'Content-Type': 'application/json', 'Content-Length': '158', 'Connection': 'keep-alive', 'x-pinecone-request-latency-ms': '1866', 'x-pinecone-request-id': '4641087345740733553', 'x-envoy-upstream-service-time': '23', 'server': 'envoy'})
HTTP response body: {"code":3,"message":"Metadata value must be a string, number, boolean or list of strings, got '[-0.002586319809...' for field 'local_embedding'","details":[]}

Error uploading batch 46: (400)
Reason: Bad Request
HTTP response headers: HTTPHeaderDict({'Date': 'Tue, 24 Jun 2025 04:59:37 GMT', 'Content-Type': 'application/json', 'Content-Length': '158', 'Connection': 'keep-alive', 'x-pinecone-request-latency-ms': '2738', 'x-pinecone-request-id': '6093261998879219988', 'x-envoy-upstream-service-time': '2', 'server': 'envoy'})
HTTP response body: {"code":3,"message":"Metadata value must be a string, number, boolean or list of strings, got '[0.0226950813084...' for field 'local_embedding'","details":[]}

Error uploading batch 47: (400)
Reason: Bad Request
HTTP response headers: HTTPHeaderDict({'Date': 'Tue, 24 Jun 2025 04:59:49 GMT', 'Content-Type': 'application/json', 'Content-Length': '158', 'Connection': 'keep-alive', 'x-pinecone-request-latency-ms': '4340', 'x-pinecone-request-id': '3138380002033661965', 'x-envoy-upstream-service-time': '2', 'server': 'envoy'})
HTTP response body: {"code":3,"message":"Metadata value must be a string, number, boolean or list of strings, got '[0.0200913045555...' for field 'local_embedding'","details":[]}

Error uploading batch 48: (400)
Reason: Bad Request
HTTP response headers: HTTPHeaderDict({'Date': 'Tue, 24 Jun 2025 04:59:58 GMT', 'Content-Type': 'application/json', 'Content-Length': '158', 'Connection': 'keep-alive', 'x-pinecone-request-latency-ms': '3198', 'x-pinecone-request-id': '1226904810717321640', 'x-envoy-upstream-service-time': '23', 'server': 'envoy'})
HTTP response body: {"code":3,"message":"Metadata value must be a string, number, boolean or list of strings, got '[-0.047002952545...' for field 'local_embedding'","details":[]}

Error uploading batch 49: (400)
Reason: Bad Request
HTTP response headers: HTTPHeaderDict({'Date': 'Tue, 24 Jun 2025 05:00:07 GMT', 'Content-Type': 'application/json', 'Content-Length': '158', 'Connection': 'keep-alive', 'x-pinecone-request-latency-ms': '2384', 'x-pinecone-request-id': '8606020002645072843', 'x-envoy-upstream-service-time': '2', 'server': 'envoy'})
HTTP response body: {"code":3,"message":"Metadata value must be a string, number, boolean or list of strings, got '[0.0323881655931...' for field 'local_embedding'","details":[]}

Error uploading batch 50: (400)
Reason: Bad Request
HTTP response headers: HTTPHeaderDict({'Date': 'Tue, 24 Jun 2025 05:00:15 GMT', 'Content-Type': 'application/json', 'Content-Length': '158', 'Connection': 'keep-alive', 'x-pinecone-request-latency-ms': '1872', 'x-pinecone-request-id': '7422112691109050266', 'x-envoy-upstream-service-time': '33', 'server': 'envoy'})
HTTP response body: {"code":3,"message":"Metadata value must be a string, number, boolean or list of strings, got '[-0.027247881516...' for field 'local_embedding'","details":[]}

Error uploading batch 51: (400)
Reason: Bad Request
HTTP response headers: HTTPHeaderDict({'Date': 'Tue, 24 Jun 2025 05:00:24 GMT', 'Content-Type': 'application/json', 'Content-Length': '158', 'Connection': 'keep-alive', 'x-pinecone-request-latency-ms': '2568', 'x-pinecone-request-id': '7562233629842289237', 'x-envoy-upstream-service-time': '2', 'server': 'envoy'})
HTTP response body: {"code":3,"message":"Metadata value must be a string, number, boolean or list of strings, got '[0.0171872638165...' for field 'local_embedding'","details":[]}

Error uploading batch 52: (400)
Reason: Bad Request
HTTP response headers: HTTPHeaderDict({'Date': 'Tue, 24 Jun 2025 05:00:32 GMT', 'Content-Type': 'application/json', 'Content-Length': '158', 'Connection': 'keep-alive', 'x-pinecone-request-latency-ms': '2424', 'x-pinecone-request-id': '2925770156097889589', 'x-envoy-upstream-service-time': '22', 'server': 'envoy'})
HTTP response body: {"code":3,"message":"Metadata value must be a string, number, boolean or list of strings, got '[0.0094222398474...' for field 'local_embedding'","details":[]}

Error uploading batch 53: (400)
Reason: Bad Request
HTTP response headers: HTTPHeaderDict({'Date': 'Tue, 24 Jun 2025 05:00:40 GMT', 'Content-Type': 'application/json', 'Content-Length': '158', 'Connection': 'keep-alive', 'x-pinecone-request-latency-ms': '1682', 'x-pinecone-request-id': '2817995190195328219', 'x-envoy-upstream-service-time': '2', 'server': 'envoy'})
HTTP response body: {"code":3,"message":"Metadata value must be a string, number, boolean or list of strings, got '[-0.000448055565...' for field 'local_embedding'","details":[]}

Error uploading batch 54: (400)
Reason: Bad Request
HTTP response headers: HTTPHeaderDict({'Date': 'Tue, 24 Jun 2025 05:00:48 GMT', 'Content-Type': 'application/json', 'Content-Length': '158', 'Connection': 'keep-alive', 'x-pinecone-request-latency-ms': '2206', 'x-pinecone-request-id': '6702327619854356491', 'x-envoy-upstream-service-time': '2', 'server': 'envoy'})
HTTP response body: {"code":3,"message":"Metadata value must be a string, number, boolean or list of strings, got '[-0.007805673871...' for field 'local_embedding'","details":[]}

Error uploading batch 55: (400)
Reason: Bad Request
HTTP response headers: HTTPHeaderDict({'Date': 'Tue, 24 Jun 2025 05:00:56 GMT', 'Content-Type': 'application/json', 'Content-Length': '158', 'Connection': 'keep-alive', 'x-pinecone-request-latency-ms': '1658', 'x-pinecone-request-id': '8551551543973797635', 'x-envoy-upstream-service-time': '2', 'server': 'envoy'})
HTTP response body: {"code":3,"message":"Metadata value must be a string, number, boolean or list of strings, got '[-0.013275797478...' for field 'local_embedding'","details":[]}

Error uploading batch 56: (400)
Reason: Bad Request
HTTP response headers: HTTPHeaderDict({'Date': 'Tue, 24 Jun 2025 05:01:05 GMT', 'Content-Type': 'application/json', 'Content-Length': '158', 'Connection': 'keep-alive', 'x-pinecone-request-latency-ms': '2571', 'x-pinecone-request-id': '2351528290401292354', 'x-envoy-upstream-service-time': '2', 'server': 'envoy'})
HTTP response body: {"code":3,"message":"Metadata value must be a string, number, boolean or list of strings, got '[-0.051167003810...' for field 'local_embedding'","details":[]}

Error uploading batch 57: (400)
Reason: Bad Request
HTTP response headers: HTTPHeaderDict({'Date': 'Tue, 24 Jun 2025 05:01:15 GMT', 'Content-Type': 'application/json', 'Content-Length': '158', 'Connection': 'keep-alive', 'x-pinecone-request-latency-ms': '2026', 'x-pinecone-request-id': '4737700015661019870', 'x-envoy-upstream-service-time': '2', 'server': 'envoy'})
HTTP response body: {"code":3,"message":"Metadata value must be a string, number, boolean or list of strings, got '[-0.017724975943...' for field 'local_embedding'","details":[]}

Error uploading batch 58: (400)
Reason: Bad Request
HTTP response headers: HTTPHeaderDict({'Date': 'Tue, 24 Jun 2025 05:01:23 GMT', 'Content-Type': 'application/json', 'Content-Length': '158', 'Connection': 'keep-alive', 'x-pinecone-request-latency-ms': '1504', 'x-pinecone-request-id': '505513243505028008', 'x-envoy-upstream-service-time': '25', 'server': 'envoy'})
HTTP response body: {"code":3,"message":"Metadata value must be a string, number, boolean or list of strings, got '[-0.005968114826...' for field 'local_embedding'","details":[]}

Error uploading batch 59: (400)
Reason: Bad Request
HTTP response headers: HTTPHeaderDict({'Date': 'Tue, 24 Jun 2025 05:01:32 GMT', 'Content-Type': 'application/json', 'Content-Length': '158', 'Connection': 'keep-alive', 'x-pinecone-request-latency-ms': '2420', 'x-pinecone-request-id': '5778814537473405247', 'x-envoy-upstream-service-time': '2', 'server': 'envoy'})
HTTP response body: {"code":3,"message":"Metadata value must be a string, number, boolean or list of strings, got '[-0.032503210008...' for field 'local_embedding'","details":[]}

Error uploading batch 60: (400)
Reason: Bad Request
HTTP response headers: HTTPHeaderDict({'Date': 'Tue, 24 Jun 2025 05:01:42 GMT', 'Content-Type': 'application/json', 'Content-Length': '158', 'Connection': 'keep-alive', 'x-pinecone-request-latency-ms': '1840', 'x-pinecone-request-id': '8836619654926858251', 'x-envoy-upstream-service-time': '2', 'server': 'envoy'})
HTTP response body: {"code":3,"message":"Metadata value must be a string, number, boolean or list of strings, got '[0.0130505040287...' for field 'local_embedding'","details":[]}

Error uploading batch 61: (400)
Reason: Bad Request
HTTP response headers: HTTPHeaderDict({'Date': 'Tue, 24 Jun 2025 05:01:51 GMT', 'Content-Type': 'application/json', 'Content-Length': '158', 'Connection': 'keep-alive', 'x-pinecone-request-latency-ms': '1664', 'x-pinecone-request-id': '5934481168068689403', 'x-envoy-upstream-service-time': '2', 'server': 'envoy'})
HTTP response body: {"code":3,"message":"Metadata value must be a string, number, boolean or list of strings, got '[-0.018335884436...' for field 'local_embedding'","details":[]}

Error uploading batch 62: (400)
Reason: Bad Request
HTTP response headers: HTTPHeaderDict({'Date': 'Tue, 24 Jun 2025 05:01:59 GMT', 'Content-Type': 'application/json', 'Content-Length': '158', 'Connection': 'keep-alive', 'x-pinecone-request-latency-ms': '2044', 'x-pinecone-request-id': '7480620898060584142', 'x-envoy-upstream-service-time': '2', 'server': 'envoy'})
HTTP response body: {"code":3,"message":"Metadata value must be a string, number, boolean or list of strings, got '[-0.020451696589...' for field 'local_embedding'","details":[]}

Error uploading batch 63: (400)
Reason: Bad Request
HTTP response headers: HTTPHeaderDict({'Date': 'Tue, 24 Jun 2025 05:02:11 GMT', 'Content-Type': 'application/json', 'Content-Length': '158', 'Connection': 'keep-alive', 'x-pinecone-request-latency-ms': '4330', 'x-pinecone-request-id': '2796254532444139947', 'x-envoy-upstream-service-time': '2', 'server': 'envoy'})
HTTP response body: {"code":3,"message":"Metadata value must be a string, number, boolean or list of strings, got '[-0.038527891039...' for field 'local_embedding'","details":[]}

Error uploading batch 64: (400)
Reason: Bad Request
HTTP response headers: HTTPHeaderDict({'Date': 'Tue, 24 Jun 2025 05:02:19 GMT', 'Content-Type': 'application/json', 'Content-Length': '158', 'Connection': 'keep-alive', 'x-pinecone-request-latency-ms': '1663', 'x-pinecone-request-id': '6478760443206511048', 'x-envoy-upstream-service-time': '2', 'server': 'envoy'})
HTTP response body: {"code":3,"message":"Metadata value must be a string, number, boolean or list of strings, got '[-0.041763648390...' for field 'local_embedding'","details":[]}

Error uploading batch 65: (400)
Reason: Bad Request
HTTP response headers: HTTPHeaderDict({'Date': 'Tue, 24 Jun 2025 05:02:32 GMT', 'Content-Type': 'application/json', 'Content-Length': '158', 'Connection': 'keep-alive', 'x-pinecone-request-latency-ms': '2039', 'x-pinecone-request-id': '1798415440692553810', 'x-envoy-upstream-service-time': '1', 'server': 'envoy'})
HTTP response body: {"code":3,"message":"Metadata value must be a string, number, boolean or list of strings, got '[-0.007235728669...' for field 'local_embedding'","details":[]}

Error uploading batch 66: (400)
Reason: Bad Request
HTTP response headers: HTTPHeaderDict({'Date': 'Tue, 24 Jun 2025 05:02:41 GMT', 'Content-Type': 'application/json', 'Content-Length': '158', 'Connection': 'keep-alive', 'x-pinecone-request-latency-ms': '1844', 'x-pinecone-request-id': '2854445579819724751', 'x-envoy-upstream-service-time': '2', 'server': 'envoy'})
HTTP response body: {"code":3,"message":"Metadata value must be a string, number, boolean or list of strings, got '[0.0014480663230...' for field 'local_embedding'","details":[]}

Error uploading batch 67: (400)
Reason: Bad Request
HTTP response headers: HTTPHeaderDict({'Date': 'Tue, 24 Jun 2025 05:02:50 GMT', 'Content-Type': 'application/json', 'Content-Length': '158', 'Connection': 'keep-alive', 'x-pinecone-request-latency-ms': '2968', 'x-pinecone-request-id': '1304023946703902853', 'x-envoy-upstream-service-time': '22', 'server': 'envoy'})
HTTP response body: {"code":3,"message":"Metadata value must be a string, number, boolean or list of strings, got '[-0.020735697820...' for field 'local_embedding'","details":[]}

Error uploading batch 68: (400)
Reason: Bad Request
HTTP response headers: HTTPHeaderDict({'Date': 'Tue, 24 Jun 2025 05:02:58 GMT', 'Content-Type': 'application/json', 'Content-Length': '158', 'Connection': 'keep-alive', 'x-pinecone-request-latency-ms': '2056', 'x-pinecone-request-id': '9206929757291324127', 'x-envoy-upstream-service-time': '22', 'server': 'envoy'})
HTTP response body: {"code":3,"message":"Metadata value must be a string, number, boolean or list of strings, got '[-0.015071108005...' for field 'local_embedding'","details":[]}

Error uploading batch 69: (400)
Reason: Bad Request
HTTP response headers: HTTPHeaderDict({'Date': 'Tue, 24 Jun 2025 05:03:06 GMT', 'Content-Type': 'application/json', 'Content-Length': '158', 'Connection': 'keep-alive', 'x-pinecone-request-latency-ms': '1507', 'x-pinecone-request-id': '5631646146933072205', 'x-envoy-upstream-service-time': '2', 'server': 'envoy'})
HTTP response body: {"code":3,"message":"Metadata value must be a string, number, boolean or list of strings, got '[-0.015495116822...' for field 'local_embedding'","details":[]}

Error uploading batch 70: (400)
Reason: Bad Request
HTTP response headers: HTTPHeaderDict({'Date': 'Tue, 24 Jun 2025 05:03:15 GMT', 'Content-Type': 'application/json', 'Content-Length': '158', 'Connection': 'keep-alive', 'x-pinecone-request-latency-ms': '2218', 'x-pinecone-request-id': '561536211127787372', 'x-envoy-upstream-service-time': '2', 'server': 'envoy'})
HTTP response body: {"code":3,"message":"Metadata value must be a string, number, boolean or list of strings, got '[-0.002985168015...' for field 'local_embedding'","details":[]}

Error uploading batch 71: (400)
Reason: Bad Request
HTTP response headers: HTTPHeaderDict({'Date': 'Tue, 24 Jun 2025 05:03:23 GMT', 'Content-Type': 'application/json', 'Content-Length': '158', 'Connection': 'keep-alive', 'x-pinecone-request-latency-ms': '1731', 'x-pinecone-request-id': '7475390192704131650', 'x-envoy-upstream-service-time': '22', 'server': 'envoy'})
HTTP response body: {"code":3,"message":"Metadata value must be a string, number, boolean or list of strings, got '[-0.009153767488...' for field 'local_embedding'","details":[]}

Error uploading batch 72: (400)
Reason: Bad Request
HTTP response headers: HTTPHeaderDict({'Date': 'Tue, 24 Jun 2025 05:03:32 GMT', 'Content-Type': 'application/json', 'Content-Length': '158', 'Connection': 'keep-alive', 'x-pinecone-request-latency-ms': '2076', 'x-pinecone-request-id': '6515356831158284395', 'x-envoy-upstream-service-time': '39', 'server': 'envoy'})
HTTP response body: {"code":3,"message":"Metadata value must be a string, number, boolean or list of strings, got '[-0.004843314643...' for field 'local_embedding'","details":[]}

Error uploading batch 73: (400)
Reason: Bad Request
HTTP response headers: HTTPHeaderDict({'Date': 'Tue, 24 Jun 2025 05:03:40 GMT', 'Content-Type': 'application/json', 'Content-Length': '158', 'Connection': 'keep-alive', 'x-pinecone-request-latency-ms': '1528', 'x-pinecone-request-id': '5627406286222755072', 'x-envoy-upstream-service-time': '2', 'server': 'envoy'})
HTTP response body: {"code":3,"message":"Metadata value must be a string, number, boolean or list of strings, got '[-0.020069420337...' for field 'local_embedding'","details":[]}

Error uploading batch 74: (400)
Reason: Bad Request
HTTP response headers: HTTPHeaderDict({'Date': 'Tue, 24 Jun 2025 05:03:48 GMT', 'Content-Type': 'application/json', 'Content-Length': '158', 'Connection': 'keep-alive', 'x-pinecone-request-latency-ms': '2395', 'x-pinecone-request-id': '4993517668997461419', 'x-envoy-upstream-service-time': '2', 'server': 'envoy'})
HTTP response body: {"code":3,"message":"Metadata value must be a string, number, boolean or list of strings, got '[-0.025822974741...' for field 'local_embedding'","details":[]}

Error uploading batch 75: (400)
Reason: Bad Request
HTTP response headers: HTTPHeaderDict({'Date': 'Tue, 24 Jun 2025 05:03:51 GMT', 'Content-Type': 'application/json', 'Content-Length': '158', 'Connection': 'keep-alive', 'x-pinecone-request-latency-ms': '736', 'x-pinecone-request-id': '5585506464438487894', 'x-envoy-upstream-service-time': '1', 'server': 'envoy'})
HTTP response body: {"code":3,"message":"Metadata value must be a string, number, boolean or list of strings, got '[0.0216175522655...' for field 'local_embedding'","details":[]}

